04-04-2024 12:06:30 [info]: Connected to MongoDB  
04-04-2024 12:08:04 [info]: Connected to MongoDB  
04-04-2024 12:08:10 [info]: Connected to MongoDB  
04-04-2024 12:26:58 [error]: Could not connect to MongoDB connect ECONNREFUSED 127.0.0.1:27017  
04-04-2024 12:48:15 [info]: Connected to MongoDB  
04-04-2024 13:00:24 [info]: Connected to MongoDB  
04-04-2024 13:00:52 [info]: Connected to MongoDB  
04-04-2024 13:01:01 [info]: Connected to MongoDB  
04-04-2024 13:13:10 [info]: 2024-04-04T11:13:10.681Z [GET]: /api/category-images/food01001 Status: 401 10.601ms  
04-04-2024 13:13:11 [info]: 2024-04-04T11:13:11.710Z [GET]: /api/category-images/food01001 Status: 401 1.623ms  
04-04-2024 13:13:13 [info]: 2024-04-04T11:13:13.722Z [GET]: /api/category-images/food01001 Status: 401 1.376ms  
04-04-2024 13:13:17 [info]: 2024-04-04T11:13:17.736Z [GET]: /api/category-images/food01001 Status: 401 0.809ms  
04-04-2024 13:13:32 [info]: 2024-04-04T11:13:32.399Z [PUT]: /api/category-images/food01001 Status: 401 0.319ms  
04-04-2024 13:16:05 [info]: 2024-04-04T11:16:05.612Z [GET]: /api/category-images/food01001 Status: 401 0.369ms  
04-04-2024 13:16:06 [info]: 2024-04-04T11:16:06.759Z [GET]: /api/category-images/food01001 Status: 401 0.810ms  
04-04-2024 13:16:08 [info]: 2024-04-04T11:16:08.777Z [GET]: /api/category-images/food01001 Status: 401 1.844ms  
04-04-2024 13:16:12 [info]: 2024-04-04T11:16:12.789Z [GET]: /api/category-images/food01001 Status: 401 0.633ms  
04-04-2024 13:16:32 [info]: 2024-04-04T11:16:32.570Z [GET]: /api/category-images/food01001 Status: 401 0.361ms  
04-04-2024 13:16:33 [info]: 2024-04-04T11:16:33.632Z [GET]: /api/category-images/food01001 Status: 401 0.341ms  
04-04-2024 13:16:35 [info]: 2024-04-04T11:16:35.639Z [GET]: /api/category-images/food01001 Status: 401 0.312ms  
04-04-2024 13:16:39 [info]: 2024-04-04T11:16:39.647Z [GET]: /api/category-images/food01001 Status: 401 0.443ms  
04-04-2024 13:19:01 [info]: 2024-04-04T11:19:01.379Z [GET]: /api/category-images/food01001 Status: 401 0.476ms  
04-04-2024 13:19:02 [info]: 2024-04-04T11:19:02.413Z [GET]: /api/category-images/food01001 Status: 401 0.265ms  
04-04-2024 13:19:04 [info]: 2024-04-04T11:19:04.420Z [GET]: /api/category-images/food01001 Status: 401 0.270ms  
04-04-2024 13:19:08 [info]: 2024-04-04T11:19:08.439Z [GET]: /api/category-images/food01001 Status: 401 0.946ms  
04-04-2024 13:19:18 [info]: 2024-04-04T11:19:18.328Z [GET]: /api/category-images/food01001 Status: 401 0.387ms  
04-04-2024 13:19:52 [info]: 2024-04-04T11:19:52.852Z [GET]: /api/category-images/food01001 Status: 401 0.272ms  
04-04-2024 13:19:54 [info]: 2024-04-04T11:19:54.109Z [GET]: /api/category-images/food01001 Status: 401 0.260ms  
04-04-2024 13:19:56 [info]: 2024-04-04T11:19:56.120Z [GET]: /api/category-images/food01001 Status: 401 0.289ms  
04-04-2024 13:20:00 [info]: 2024-04-04T11:20:00.136Z [GET]: /api/category-images/food01001 Status: 401 0.292ms  
04-04-2024 13:20:12 [info]: 2024-04-04T11:20:12.551Z [GET]: /api/category-images/food01001 Status: 401 0.286ms  
04-04-2024 13:20:13 [info]: 2024-04-04T11:20:13.567Z [GET]: /api/category-images/food01001 Status: 401 0.320ms  
04-04-2024 13:20:15 [info]: 2024-04-04T11:20:15.585Z [GET]: /api/category-images/food01001 Status: 401 0.866ms  
04-04-2024 13:20:19 [info]: 2024-04-04T11:20:19.598Z [GET]: /api/category-images/food01001 Status: 401 0.270ms  
04-04-2024 13:20:28 [info]: 2024-04-04T11:20:28.706Z [GET]: /api/category-images Status: 401 0.306ms  
04-04-2024 13:21:41 [info]: Connected to MongoDB  
04-04-2024 13:22:00 [info]: 2024-04-04T11:22:00.108Z [GET]: /api/category-images/food01001 Status: 401 4.786ms  
04-04-2024 13:22:01 [info]: 2024-04-04T11:22:01.290Z [GET]: /api/category-images/food01001 Status: 401 0.470ms  
04-04-2024 13:22:03 [info]: 2024-04-04T11:22:03.299Z [GET]: /api/category-images/food01001 Status: 401 0.670ms  
04-04-2024 13:22:07 [info]: 2024-04-04T11:22:07.323Z [GET]: /api/category-images/food01001 Status: 401 1.323ms  
04-04-2024 13:24:59 [info]: Connected to MongoDB  
04-04-2024 13:25:02 [info]: 2024-04-04T11:25:02.924Z [GET]: /api/category-images Status: 404 11.305ms  
04-04-2024 13:25:08 [info]: 2024-04-04T11:25:08.969Z [GET]: /api/category-images/food01001 Status: 200 14.338ms  
04-04-2024 13:25:22 [info]: 2024-04-04T11:25:22.105Z [PUT]: /api/category-images/food01001 Status: 404 19.459ms  
04-04-2024 13:26:09 [info]: 2024-04-04T11:26:09.041Z [GET]: /api/category-images/food01001 Status: 200 3.692ms  
04-04-2024 13:26:14 [info]: 2024-04-04T11:26:14.245Z [GET]: /api/category-images/glpCg31biX Status: 200 4.456ms  
04-04-2024 13:26:58 [info]: 2024-04-04T11:26:58.198Z [GET]: /api/category-images/glpCg31biX Status: 304 3.535ms  
04-04-2024 13:27:01 [info]: 2024-04-04T11:27:01.954Z [GET]: /api/category-images/glpCg31biX Status: 304 2.537ms  
04-04-2024 13:27:07 [info]: 2024-04-04T11:27:07.583Z [PUT]: /api/category-images/glpCg31biX Status: 404 3.515ms  
04-04-2024 13:29:15 [info]: 2024-04-04T11:29:15.016Z [GET]: /api/category-images/glpCg31biX Status: 200 3.982ms  
04-04-2024 13:29:39 [info]: 2024-04-04T11:29:39.627Z [GET]: /api/category-images/glpCg31biX Status: 304 6.256ms  
04-04-2024 13:29:54 [info]: 2024-04-04T11:29:54.491Z [GET]: /api/category-images/food01001 Status: 304 3.893ms  
04-04-2024 13:30:02 [info]: 2024-04-04T11:30:02.405Z [POST]: /api/category-images Status: 400 3.569ms  
04-04-2024 13:30:10 [info]: 2024-04-04T11:30:10.774Z [GET]: /api/category-images/food01001 Status: 304 2.902ms  
04-04-2024 13:33:06 [info]: 2024-04-04T11:33:06.958Z [GET]: /api/category-images/food01001 Status: 304 15.251ms  
04-04-2024 13:33:08 [info]: 2024-04-04T11:33:08.919Z [GET]: /api/category-images/food01001 Status: 304 3.072ms  
04-04-2024 13:33:12 [info]: 2024-04-04T11:33:12.190Z [POST]: /api/category-images Status: 400 1.889ms  
04-04-2024 13:35:34 [info]: Connected to MongoDB  
04-04-2024 13:39:20 [info]: 2024-04-04T11:39:20.667Z [GET]: /api/category-images/food01001 Status: 304 21.866ms  
04-04-2024 13:39:37 [info]: 2024-04-04T11:39:37.819Z [GET]: /api/category-images/food01001 Status: 304 4.777ms  
04-04-2024 13:39:48 [info]: 2024-04-04T11:39:48.035Z [GET]: /api/category-images/food01001 Status: 304 10.002ms  
04-04-2024 13:40:06 [info]: 2024-04-04T11:40:06.925Z [GET]: /api/category-images/food01001 Status: 304 2.934ms  
04-04-2024 13:40:09 [info]: 2024-04-04T11:40:09.124Z [GET]: /api/category-images/food01001 Status: 304 8.343ms  
04-04-2024 13:40:09 [info]: 2024-04-04T11:40:09.648Z [GET]: /api/category-images/food01001 Status: 304 4.510ms  
04-04-2024 13:40:11 [info]: 2024-04-04T11:40:11.585Z [POST]: /api/category-images Status: 400 10.404ms  
04-04-2024 13:40:21 [info]: 2024-04-04T11:40:21.856Z [GET]: /api/category-images/food01001 Status: 304 2.502ms  
04-04-2024 13:40:27 [info]: 2024-04-04T11:40:27.973Z [POST]: /api/category-images Status: 400 2.752ms  
04-04-2024 13:40:58 [info]: 2024-04-04T11:40:58.172Z [GET]: /api/category-images/food01001 Status: 304 2.907ms  
04-04-2024 13:41:10 [info]: 2024-04-04T11:41:10.045Z [GET]: /api/category-images/food01001 Status: 304 4.318ms  
04-04-2024 13:41:17 [info]: 2024-04-04T11:41:17.824Z [GET]: /api/category-images/food01001 Status: 304 2.821ms  
04-04-2024 13:41:31 [info]: 2024-04-04T11:41:31.844Z [GET]: /api/category-images/food01001 Status: 304 2.987ms  
04-04-2024 13:41:33 [info]: 2024-04-04T11:41:33.561Z [POST]: /api/category-images Status: 400 2.204ms  
04-04-2024 13:43:11 [info]: Connected to MongoDB  
04-04-2024 13:43:16 [info]: Connected to MongoDB  
04-04-2024 13:43:21 [info]: 2024-04-04T11:43:21.627Z [GET]: /api/category-images/food01001 Status: 304 12.880ms  
04-04-2024 13:43:23 [info]: 2024-04-04T11:43:23.976Z [POST]: /api/category-images Status: 400 10.181ms  
04-04-2024 13:45:52 [info]: Connected to MongoDB  
04-04-2024 13:45:55 [info]: Connected to MongoDB  
04-04-2024 13:45:58 [info]: Connected to MongoDB  
04-04-2024 13:46:01 [info]: Connected to MongoDB  
04-04-2024 13:46:06 [info]: 2024-04-04T11:46:06.246Z [GET]: /api/category-images/food01001 Status: 304 21.749ms  
04-04-2024 13:46:10 [info]: 2024-04-04T11:46:10.877Z [POST]: /api/category-images Status: 201 22.134ms  
04-04-2024 13:46:11 [info]: 2024-04-04T11:46:11.021Z [GET]: /api/category-images Status: 404 9.503ms  
04-04-2024 13:46:15 [info]: 2024-04-04T11:46:15.921Z [GET]: /api/category-images/food01001 Status: 200 5.608ms  
04-04-2024 13:46:52 [info]: 2024-04-04T11:46:52.098Z [GET]: /api/category-images/food01001 Status: 304 11.153ms  
04-04-2024 13:47:33 [info]: 2024-04-04T11:47:33.945Z [GET]: /api/category-images/food01001 Status: 304 6.322ms  
04-04-2024 13:47:44 [info]: 2024-04-04T11:47:44.414Z [GET]: /api/category-images/food01001 Status: 304 8.133ms  
04-04-2024 13:47:54 [info]: 2024-04-04T11:47:54.489Z [GET]: /api/category-images Status: 404 4.018ms  
04-04-2024 13:49:54 [info]: Connected to MongoDB  
04-04-2024 13:50:59 [info]: Connected to MongoDB  
04-04-2024 13:51:21 [info]: Connected to MongoDB  
04-04-2024 13:51:30 [info]: Connected to MongoDB  
04-04-2024 13:53:21 [info]: Connected to MongoDB  
04-04-2024 13:53:39 [info]: Connected to MongoDB  
04-04-2024 13:53:43 [info]: Connected to MongoDB  
04-04-2024 13:53:52 [info]: Connected to MongoDB  
04-04-2024 13:54:17 [info]: Connected to MongoDB  
04-04-2024 13:54:19 [info]: Connected to MongoDB  
04-04-2024 13:54:29 [info]: Connected to MongoDB  
04-04-2024 13:54:34 [info]: Connected to MongoDB  
04-04-2024 13:56:03 [info]: 2024-04-04T11:56:03.920Z [GET]: /api/category-images/food01001 Status: 304 23.983ms  
04-04-2024 13:56:39 [info]: 2024-04-04T11:56:39.003Z [GET]: /api/category-images/food01001 Status: 200 3.331ms  
04-04-2024 13:56:43 [info]: 2024-04-04T11:56:43.027Z [POST]: /api/category-images Status: 500 12.035ms  
04-04-2024 13:57:41 [info]: Connected to MongoDB  
04-04-2024 13:57:44 [info]: Connected to MongoDB  
04-04-2024 13:57:46 [error]: CategoryImage validation failed: imageName: Path `imageName` is required.  
04-04-2024 13:57:46 [info]: 2024-04-04T11:57:46.809Z [POST]: /api/category-images Status: 500 16.576ms  
04-04-2024 13:58:05 [info]: Connected to MongoDB  
04-04-2024 13:58:07 [error]: CategoryImage validation failed: imageName: Path `imageName` is required.  
04-04-2024 13:58:07 [info]: 2024-04-04T11:58:07.266Z [POST]: /api/category-images Status: 500 41.031ms  
04-04-2024 13:58:41 [info]: Connected to MongoDB  
04-04-2024 13:59:14 [info]: Connected to MongoDB  
04-04-2024 13:59:21 [info]: Connected to MongoDB  
04-04-2024 13:59:22 [error]: CategoryImage validation failed: imageName: Path `imageName` is required.  
04-04-2024 13:59:22 [info]: 2024-04-04T11:59:22.685Z [POST]: /api/category-images Status: 500 17.298ms  
04-04-2024 13:59:43 [info]: 2024-04-04T11:59:43.236Z [GET]: /api/category-images/food01001 Status: 304 11.005ms  
04-04-2024 14:00:02 [info]: 2024-04-04T12:00:02.055Z [GET]: /api/category-images/food01001 Status: 304 7.481ms  
04-04-2024 14:00:03 [info]: 2024-04-04T12:00:03.258Z [GET]: /api/category-images/food01001 Status: 304 5.004ms  
04-04-2024 14:00:12 [info]: Connected to MongoDB  
04-04-2024 14:00:16 [info]: Connected to MongoDB  
04-04-2024 14:00:50 [info]: Connected to MongoDB  
04-04-2024 14:00:55 [info]: Connected to MongoDB  
04-04-2024 14:01:06 [info]: Connected to MongoDB  
04-04-2024 14:01:09 [info]: Connected to MongoDB  
04-04-2024 14:01:19 [info]: Connected to MongoDB  
04-04-2024 14:01:23 [info]: Connected to MongoDB  
04-04-2024 14:01:25 [info]: Connected to MongoDB  
04-04-2024 14:01:29 [info]: Connected to MongoDB  
04-04-2024 14:01:32 [info]: 2024-04-04T12:01:32.486Z [GET]: /api/category-images/food01001 Status: 304 11.796ms  
04-04-2024 14:01:38 [info]: 2024-04-04T12:01:38.584Z [POST]: /api/category-images Status: 201 19.334ms  
04-04-2024 14:01:38 [info]: 2024-04-04T12:01:38.631Z [GET]: /api/category-images Status: 404 3.021ms  
04-04-2024 14:01:45 [info]: 2024-04-04T12:01:45.524Z [GET]: /api/category-images/food01001 Status: 200 5.847ms  
04-04-2024 14:02:36 [info]: 2024-04-04T12:02:36.725Z [GET]: /api/category-images/food01001 Status: 304 4.278ms  
04-04-2024 14:04:48 [info]: 2024-04-04T12:04:48.823Z [GET]: /api/category-images/food01001 Status: 304 15.997ms  
04-04-2024 14:04:59 [info]: 2024-04-04T12:04:59.593Z [GET]: /api/category-images/food01001 Status: 304 6.936ms  
04-04-2024 14:06:59 [info]: 2024-04-04T12:06:59.932Z [GET]: /api/category-images/food01001 Status: 304 3.803ms  
04-04-2024 14:07:08 [info]: 2024-04-04T12:07:08.051Z [GET]: /api/category-images/food01001 Status: 304 8.420ms  
04-04-2024 14:07:37 [info]: 2024-04-04T12:07:37.469Z [GET]: /api/category-images/food01001 Status: 304 4.155ms  
04-04-2024 14:07:56 [info]: 2024-04-04T12:07:56.654Z [GET]: /api/category-images/food01001 Status: 304 7.262ms  
04-04-2024 14:07:59 [info]: 2024-04-04T12:07:59.613Z [GET]: /api/category-images/food01001 Status: 304 14.652ms  
04-04-2024 14:08:01 [info]: 2024-04-04T12:08:01.880Z [GET]: /api/category-images/food01001 Status: 304 9.210ms  
04-04-2024 14:08:06 [info]: 2024-04-04T12:08:06.932Z [GET]: /api/category-images Status: 404 3.062ms  
04-04-2024 14:08:13 [info]: 2024-04-04T12:08:13.608Z [GET]: /api/category-images/food01001 Status: 304 5.291ms  
04-04-2024 14:08:38 [info]: 2024-04-04T12:08:38.920Z [PUT]: /api/category-images/food01001 Status: 200 19.034ms  
04-04-2024 14:08:39 [info]: 2024-04-04T12:08:39.050Z [GET]: /api/category-images Status: 404 1.896ms  
04-04-2024 14:08:41 [info]: 2024-04-04T12:08:41.569Z [GET]: /api/category-images/food01001 Status: 200 8.017ms  
04-04-2024 14:08:49 [info]: 2024-04-04T12:08:49.449Z [GET]: /api/category-images Status: 404 1.166ms  
04-04-2024 14:08:52 [info]: 2024-04-04T12:08:52.275Z [GET]: /api/category-images/uf6Ot6r4TW Status: 200 7.941ms  
04-04-2024 14:08:54 [info]: 2024-04-04T12:08:54.095Z [GET]: /api/category-images Status: 404 1.105ms  
04-04-2024 14:18:01 [info]: 2024-04-04T12:18:01.174Z [GET]: /api/category-images/food01001 Status: 304 21.500ms  
04-04-2024 14:18:05 [info]: 2024-04-04T12:18:05.388Z [GET]: /api/category-images Status: 404 1.169ms  
04-04-2024 14:21:31 [info]: 2024-04-04T12:21:31.135Z [GET]: /api/category-images/food01001 Status: 304 7.412ms  
04-04-2024 14:23:14 [info]: 2024-04-04T12:23:14.962Z [GET]: /api/category-images/food01001 Status: 304 22.170ms  
04-04-2024 14:23:15 [info]: 2024-04-04T12:23:15.718Z [GET]: /api/category-images/food01001 Status: 304 9.016ms  
04-04-2024 14:23:37 [info]: 2024-04-04T12:23:37.190Z [GET]: /api/category-images/food01001 Status: 304 7.575ms  
04-04-2024 14:23:41 [info]: 2024-04-04T12:23:41.073Z [GET]: /api/category-images/food01001 Status: 304 8.065ms  
04-04-2024 14:24:33 [info]: 2024-04-04T12:24:33.220Z [GET]: /api/category-images/food01001 Status: 304 20.197ms  
04-04-2024 14:24:36 [info]: 2024-04-04T12:24:36.894Z [GET]: /api/category-images/food01001 Status: 304 8.808ms  
04-04-2024 14:24:45 [info]: 2024-04-04T12:24:45.590Z [GET]: /api/category-images/food01001 Status: 304 11.621ms  
04-04-2024 14:25:55 [info]: 2024-04-04T12:25:55.371Z [GET]: /api/category-images/food01001 Status: 304 8.060ms  
04-04-2024 14:26:17 [info]: 2024-04-04T12:26:17.829Z [GET]: /api/category-images/food01001 Status: 304 12.851ms  
04-04-2024 14:26:23 [info]: 2024-04-04T12:26:23.645Z [GET]: /api/category-images/food01001 Status: 304 18.913ms  
04-04-2024 14:26:29 [info]: 2024-04-04T12:26:29.617Z [GET]: /api/category-images/food01001 Status: 304 14.818ms  
04-04-2024 14:26:32 [info]: 2024-04-04T12:26:32.592Z [GET]: /api/category-images Status: 404 1.207ms  
04-04-2024 14:26:59 [info]: 2024-04-04T12:26:59.836Z [GET]: /api/category-images/food01001 Status: 304 8.075ms  
04-04-2024 14:27:24 [info]: 2024-04-04T12:27:24.729Z [GET]: /api/category-images/food01001 Status: 304 11.618ms  
04-04-2024 14:28:45 [info]: 2024-04-04T12:28:45.846Z [GET]: /api/category-images/food01001 Status: 304 10.101ms  
04-04-2024 14:28:48 [info]: 2024-04-04T12:28:48.291Z [GET]: /api/category-images/food01001 Status: 304 12.462ms  
04-04-2024 14:29:30 [info]: 2024-04-04T12:29:30.674Z [GET]: /api/category-images/food01001 Status: 304 12.838ms  
04-04-2024 14:29:36 [info]: 2024-04-04T12:29:36.046Z [GET]: /api/category-images/food01001 Status: 304 17.114ms  
04-04-2024 14:29:45 [info]: 2024-04-04T12:29:45.652Z [GET]: /api/category-images/food01001 Status: 304 12.777ms  
04-04-2024 14:31:51 [info]: 2024-04-04T12:31:51.760Z [GET]: /api/category-images/food01001 Status: 304 11.593ms  
04-04-2024 14:31:56 [info]: 2024-04-04T12:31:56.328Z [GET]: /api/category-images Status: 404 2.485ms  
04-04-2024 14:41:16 [info]: 2024-04-04T12:41:16.269Z [GET]: /api/recipe-images/recipe0001 Status: 200 2.936ms  
04-04-2024 14:41:29 [info]: 2024-04-04T12:41:29.779Z [POST]: /api/recipe-images Status: 201 10.431ms  
04-04-2024 14:41:30 [info]: 2024-04-04T12:41:30.026Z [GET]: /api/recipe-images Status: 404 3.622ms  
04-04-2024 14:41:31 [info]: 2024-04-04T12:41:31.837Z [GET]: /api/recipe-images/recipe0001 Status: 200 8.402ms  
04-04-2024 14:41:35 [info]: 2024-04-04T12:41:35.560Z [GET]: /api/recipe-images/recipe0001 Status: 304 12.562ms  
04-04-2024 14:41:36 [info]: 2024-04-04T12:41:36.529Z [GET]: /api/recipe-images Status: 404 3.369ms  
04-04-2024 14:42:17 [info]: 2024-04-04T12:42:17.487Z [GET]: /api/recipe-images/uSkBMJOSiO Status: 200 2.559ms  
04-04-2024 14:42:19 [info]: 2024-04-04T12:42:19.557Z [GET]: /api/recipe-images Status: 404 1.061ms  
04-04-2024 14:45:46 [info]: 2024-04-04T12:45:46.182Z [GET]: /api/recipe-images/recipe0001 Status: 304 7.780ms  
04-04-2024 14:45:50 [info]: 2024-04-04T12:45:50.518Z [GET]: /api/recipe-images Status: 404 1.237ms  
04-04-2024 14:46:14 [info]: 2024-04-04T12:46:14.756Z [GET]: /api/category-images/food01001 Status: 304 17.139ms  
04-04-2024 14:46:15 [info]: 2024-04-04T12:46:15.784Z [GET]: /api/category-images Status: 404 1.105ms  
04-04-2024 14:46:16 [info]: 2024-04-04T12:46:16.542Z [GET]: /api/category-images/WruuXh91z7 Status: 200 3.695ms  
04-04-2024 14:46:17 [info]: 2024-04-04T12:46:17.150Z [GET]: /api/category-images Status: 404 0.990ms  
04-04-2024 14:46:17 [info]: 2024-04-04T12:46:17.802Z [GET]: /api/category-images/glpCg31biX Status: 304 8.559ms  
04-04-2024 14:46:18 [info]: 2024-04-04T12:46:18.311Z [GET]: /api/category-images Status: 404 1.575ms  
04-04-2024 14:46:19 [info]: 2024-04-04T12:46:19.029Z [GET]: /api/category-images/705tANPCUM Status: 200 4.451ms  
04-04-2024 14:46:19 [info]: 2024-04-04T12:46:19.556Z [GET]: /api/category-images Status: 404 1.163ms  
04-04-2024 14:46:20 [info]: 2024-04-04T12:46:20.263Z [GET]: /api/category-images/KL5FHSCIdx Status: 200 8.219ms  
04-04-2024 14:46:20 [info]: 2024-04-04T12:46:20.868Z [GET]: /api/category-images Status: 404 1.513ms  
04-04-2024 14:46:21 [info]: 2024-04-04T12:46:21.553Z [GET]: /api/category-images/food01001 Status: 304 9.481ms  
04-04-2024 14:46:26 [info]: 2024-04-04T12:46:26.171Z [DELETE]: /api/categorie-images/food01001 Status: 404 1.277ms  
04-04-2024 14:46:26 [info]: 2024-04-04T12:46:26.183Z [GET]: /api/category-images Status: 404 1.002ms  
04-04-2024 14:47:21 [info]: 2024-04-04T12:47:21.899Z [GET]: /api/category-images/WruuXh91z7 Status: 304 5.055ms  
04-04-2024 14:47:25 [info]: 2024-04-04T12:47:25.776Z [POST]: /api/category-images Status: 201 8.886ms  
04-04-2024 14:47:25 [info]: 2024-04-04T12:47:25.821Z [GET]: /api/category-images Status: 404 1.027ms  
04-04-2024 14:47:28 [info]: 2024-04-04T12:47:28.629Z [GET]: /api/category-images/WruuXh91z7 Status: 200 8.305ms  
04-04-2024 14:47:32 [info]: 2024-04-04T12:47:32.248Z [DELETE]: /api/categorie-images/WruuXh91z7 Status: 404 0.986ms  
04-04-2024 14:47:32 [info]: 2024-04-04T12:47:32.263Z [GET]: /api/category-images Status: 404 1.448ms  
04-04-2024 14:48:06 [info]: Connected to MongoDB  
04-04-2024 14:49:20 [info]: 2024-04-04T12:49:20.536Z [GET]: /api/category-images/qVw2myAxAJ Status: 200 20.288ms  
04-04-2024 14:49:26 [info]: 2024-04-04T12:49:26.166Z [POST]: /api/category-images Status: 201 18.192ms  
04-04-2024 14:49:26 [info]: 2024-04-04T12:49:26.231Z [GET]: /api/category-images Status: 404 2.163ms  
04-04-2024 14:49:27 [info]: 2024-04-04T12:49:27.051Z [GET]: /api/category-images/qVw2myAxAJ Status: 200 4.955ms  
04-04-2024 14:49:37 [info]: 2024-04-04T12:49:37.271Z [DELETE]: /api/category-images/qVw2myAxAJ Status: 204 4.171ms  
04-04-2024 14:49:37 [info]: 2024-04-04T12:49:37.305Z [GET]: /api/category-images Status: 404 1.414ms  
